<?xml version="1.0" encoding="UTF-8"?>
<!-- Generated by org.testng.reporters.JUnitXMLReporter -->
<testsuite hostname="xmltest-PC" ignored="0" name="testngTest" tests="3" failures="0" timestamp="08 Jan 2019 19:30:50 GMT" time="55.025" errors="0">
  <testcase name="launchGoogleTest" time="3.643" classname="TestNGPackage.DemoTest"/>
  <testcase name="launchTestAutomationGuruTest" time="21.507" classname="TestNGPackage.DemoTest"/>
  <testcase name="launchYahooTest" time="20.228" classname="TestNGPackage.DemoTest"/>
</testsuite> <!-- testngTest -->
