<?xml version="1.0" encoding="UTF-8"?>
<testsuite xmlns:xsi="http://www.w3.org/2001/XMLSchema-instance" xsi:schemaLocation="https://maven.apache.org/surefire/maven-surefire-plugin/xsd/surefire-test-report.xsd" name="TestSuite" time="55.352" tests="3" errors="0" skipped="0" failures="0">
  <properties>
[...]
</properties>
  <testcase name="launchGoogleTest" classname="TestNGPackage.DemoTest" time="3.643"/>
  <testcase name="launchTestAutomationGuruTest" classname="TestNGPackage.DemoTest" time="21.507"/>
  <testcase name="launchYahooTest" classname="TestNGPackage.DemoTest" time="20.229"/>
</testsuite>