<?xml version="1.0" encoding="UTF-8"?>
<testng-results skipped="0" failed="0" ignored="0" total="3" passed="3">
  <reporter-output>
  </reporter-output>
  <suite name="TestNGPackage" duration-ms="55025" started-at="2019-01-08T19:29:55Z" finished-at="2019-01-08T19:30:50Z">
    <groups>
    </groups>
    <test name="testngTest" duration-ms="55025" started-at="2019-01-08T19:29:55Z" finished-at="2019-01-08T19:30:50Z">
      <class name="TestNGPackage.DemoTest">
        <test-method status="PASS" signature="beforeTest()[pri:0, instance:TestNGPackage.DemoTest@5fb971b8]" name="beforeTest" is-config="true" duration-ms="11" started-at="2019-01-08T19:29:55Z" finished-at="2019-01-08T19:29:55Z">
          <reporter-output>
          </reporter-output>
        </test-method> <!-- beforeTest -->
        <test-method status="PASS" signature="beforeMethod()[pri:0, instance:TestNGPackage.DemoTest@5fb971b8]" name="beforeMethod" is-config="true" duration-ms="3148" started-at="2019-01-08T19:29:55Z" finished-at="2019-01-08T19:29:59Z">
          <reporter-output>
          </reporter-output>
        </test-method> <!-- beforeMethod -->
        <test-method status="PASS" signature="launchGoogleTest()[pri:0, instance:TestNGPackage.DemoTest@5fb971b8]" name="launchGoogleTest" duration-ms="3643" started-at="2019-01-08T19:29:59Z" finished-at="2019-01-08T19:30:02Z">
          <reporter-output>
          </reporter-output>
        </test-method> <!-- launchGoogleTest -->
        <test-method status="PASS" signature="afterMethod()[pri:0, instance:TestNGPackage.DemoTest@5fb971b8]" name="afterMethod" is-config="true" duration-ms="581" started-at="2019-01-08T19:30:02Z" finished-at="2019-01-08T19:30:03Z">
          <reporter-output>
          </reporter-output>
        </test-method> <!-- afterMethod -->
        <test-method status="PASS" signature="beforeMethod()[pri:0, instance:TestNGPackage.DemoTest@5fb971b8]" name="beforeMethod" is-config="true" duration-ms="2323" started-at="2019-01-08T19:30:03Z" finished-at="2019-01-08T19:30:05Z">
          <reporter-output>
          </reporter-output>
        </test-method> <!-- beforeMethod -->
        <test-method status="PASS" signature="launchTestAutomationGuruTest()[pri:0, instance:TestNGPackage.DemoTest@5fb971b8]" name="launchTestAutomationGuruTest" duration-ms="21507" started-at="2019-01-08T19:30:05Z" finished-at="2019-01-08T19:30:27Z">
          <reporter-output>
          </reporter-output>
        </test-method> <!-- launchTestAutomationGuruTest -->
        <test-method status="PASS" signature="afterMethod()[pri:0, instance:TestNGPackage.DemoTest@5fb971b8]" name="afterMethod" is-config="true" duration-ms="610" started-at="2019-01-08T19:30:27Z" finished-at="2019-01-08T19:30:27Z">
          <reporter-output>
          </reporter-output>
        </test-method> <!-- afterMethod -->
        <test-method status="PASS" signature="beforeMethod()[pri:0, instance:TestNGPackage.DemoTest@5fb971b8]" name="beforeMethod" is-config="true" duration-ms="2143" started-at="2019-01-08T19:30:27Z" finished-at="2019-01-08T19:30:29Z">
          <reporter-output>
          </reporter-output>
        </test-method> <!-- beforeMethod -->
        <test-method status="PASS" signature="launchYahooTest()[pri:0, instance:TestNGPackage.DemoTest@5fb971b8]" name="launchYahooTest" duration-ms="20228" started-at="2019-01-08T19:30:29Z" finished-at="2019-01-08T19:30:50Z">
          <reporter-output>
          </reporter-output>
        </test-method> <!-- launchYahooTest -->
        <test-method status="PASS" signature="afterMethod()[pri:0, instance:TestNGPackage.DemoTest@5fb971b8]" name="afterMethod" is-config="true" duration-ms="812" started-at="2019-01-08T19:30:50Z" finished-at="2019-01-08T19:30:50Z">
          <reporter-output>
          </reporter-output>
        </test-method> <!-- afterMethod -->
      </class> <!-- TestNGPackage.DemoTest -->
    </test> <!-- testngTest -->
  </suite> <!-- TestNGPackage -->
</testng-results>
